{"/Users/sean_percevault/Documents/code/invenco/src/client.ts": {"path":"/Users/sean_percevault/Documents/code/invenco/src/client.ts","statementMap":{"0":{"start":{"line":1,"column":0},"end":{"line":1,"column":46}},"1":{"start":{"line":2,"column":0},"end":{"line":2,"column":26}},"2":{"start":{"line":3,"column":0},"end":{"line":3,"column":46}},"3":{"start":{"line":5,"column":24},"end":{"line":5,"column":69}},"4":{"start":{"line":7,"column":34},"end":{"line":27,"column":1}},"5":{"start":{"line":8,"column":16},"end":{"line":8,"column":60}},"6":{"start":{"line":10,"column":2},"end":{"line":12,"column":3}},"7":{"start":{"line":11,"column":4},"end":{"line":11,"column":73}},"8":{"start":{"line":14,"column":15},"end":{"line":16,"column":4}},"9":{"start":{"line":18,"column":18},"end":{"line":18,"column":36}},"10":{"start":{"line":21,"column":24},"end":{"line":21,"column":62}},"11":{"start":{"line":23,"column":2},"end":{"line":26,"column":5}},"12":{"start":{"line":7,"column":13},"end":{"line":7,"column":34}},"13":{"start":{"line":29,"column":13},"end":{"line":29,"column":69}},"14":{"start":{"line":31,"column":0},"end":{"line":31,"column":75}},"15":{"start":{"line":31,"column":43},"end":{"line":31,"column":75}}},"fnMap":{"0":{"name":"(anonymous_0)","decl":{"start":{"line":7,"column":34},"end":{"line":7,"column":35}},"loc":{"start":{"line":7,"column":64},"end":{"line":27,"column":1}}}},"branchMap":{"0":{"loc":{"start":{"line":8,"column":16},"end":{"line":8,"column":60}},"type":"binary-expr","locations":[{"start":{"line":8,"column":16},"end":{"line":8,"column":32}},{"start":{"line":8,"column":36},"end":{"line":8,"column":60}}]},"1":{"loc":{"start":{"line":10,"column":2},"end":{"line":12,"column":3}},"type":"if","locations":[{"start":{"line":10,"column":2},"end":{"line":12,"column":3}}]},"2":{"loc":{"start":{"line":25,"column":9},"end":{"line":25,"column":46}},"type":"cond-expr","locations":[{"start":{"line":25,"column":25},"end":{"line":25,"column":34}},{"start":{"line":25,"column":37},"end":{"line":25,"column":46}}]},"3":{"loc":{"start":{"line":29,"column":22},"end":{"line":29,"column":68}},"type":"binary-expr","locations":[{"start":{"line":29,"column":22},"end":{"line":29,"column":44}},{"start":{"line":29,"column":48},"end":{"line":29,"column":68}}]},"4":{"loc":{"start":{"line":31,"column":0},"end":{"line":31,"column":75}},"type":"if","locations":[{"start":{"line":31,"column":0},"end":{"line":31,"column":75}}]}},"s":{"0":0,"1":0,"2":0,"3":0,"4":0,"5":0,"6":0,"7":0,"8":0,"9":0,"10":0,"11":0,"12":0,"13":0,"14":0,"15":0},"f":{"0":0},"b":{"0":[0,0],"1":[0],"2":[0,0],"3":[0,0],"4":[0]}}
,"/Users/sean_percevault/Documents/code/invenco/src/modules/classes/classes.dao.ts": {"path":"/Users/sean_percevault/Documents/code/invenco/src/modules/classes/classes.dao.ts","statementMap":{"0":{"start":{"line":2,"column":0},"end":{"line":2,"column":38}},"1":{"start":{"line":3,"column":0},"end":{"line":3,"column":null}},"2":{"start":{"line":8,"column":27},"end":{"line":20,"column":2}},"3":{"start":{"line":10,"column":44},"end":{"line":20,"column":2}},"4":{"start":{"line":11,"column":20},"end":{"line":17,"column":4}},"5":{"start":{"line":19,"column":2},"end":{"line":19,"column":19}},"6":{"start":{"line":8,"column":13},"end":{"line":8,"column":27}}},"fnMap":{"0":{"name":"(anonymous_7)","decl":{"start":{"line":8,"column":27},"end":{"line":8,"column":null}},"loc":{"start":{"line":10,"column":44},"end":{"line":20,"column":2}}},"1":{"name":"(anonymous_8)","decl":{"start":{"line":10,"column":44},"end":{"line":10,"column":null}},"loc":{"start":{"line":10,"column":44},"end":{"line":20,"column":1}}}},"branchMap":{},"s":{"0":1,"1":1,"2":1,"3":6,"4":6,"5":6,"6":1},"f":{"0":6,"1":6},"b":{}}
,"/Users/sean_percevault/Documents/code/invenco/src/modules/classes/classes.dto.ts": {"path":"/Users/sean_percevault/Documents/code/invenco/src/modules/classes/classes.dto.ts","statementMap":{"0":{"start":{"line":1,"column":0},"end":{"line":1,"column":24}},"1":{"start":{"line":3,"column":0},"end":{"line":3,"column":73}},"2":{"start":{"line":5,"column":25},"end":{"line":6,"column":null}},"3":{"start":{"line":6,"column":2},"end":{"line":6,"column":17}},"4":{"start":{"line":9,"column":13},"end":{"line":12,"column":39}},"5":{"start":{"line":16,"column":13},"end":{"line":18,"column":3}},"6":{"start":{"line":28,"column":13},"end":{"line":32,"column":3}},"7":{"start":{"line":34,"column":13},"end":{"line":34,"column":51}},"8":{"start":{"line":35,"column":13},"end":{"line":35,"column":51}},"9":{"start":{"line":37,"column":13},"end":{"line":48,"column":3}},"10":{"start":{"line":55,"column":13},"end":{"line":67,"column":3}},"11":{"start":{"line":69,"column":13},"end":{"line":78,"column":3}},"12":{"start":{"line":80,"column":13},"end":{"line":83,"column":3}},"13":{"start":{"line":87,"column":13},"end":{"line":94,"column":2}},"14":{"start":{"line":96,"column":13},"end":{"line":108,"column":49}}},"fnMap":{"0":{"name":"(anonymous_0)","decl":{"start":{"line":5,"column":55},"end":{"line":5,"column":56}},"loc":{"start":{"line":6,"column":2},"end":{"line":6,"column":17}}}},"branchMap":{},"s":{"0":3,"1":3,"2":3,"3":9,"4":3,"5":3,"6":3,"7":3,"8":3,"9":3,"10":3,"11":3,"12":3,"13":3,"14":3},"f":{"0":9},"b":{}}
,"/Users/sean_percevault/Documents/code/invenco/src/modules/classes/classes.service.ts": {"path":"/Users/sean_percevault/Documents/code/invenco/src/modules/classes/classes.service.ts","statementMap":{"0":{"start":{"line":1,"column":0},"end":{"line":1,"column":44}},"1":{"start":{"line":2,"column":0},"end":{"line":2,"column":null}},"2":{"start":{"line":8,"column":29},"end":{"line":22,"column":2}},"3":{"start":{"line":10,"column":29},"end":{"line":22,"column":2}},"4":{"start":{"line":12,"column":4},"end":{"line":14,"column":10}},"5":{"start":{"line":16,"column":18},"end":{"line":16,"column":42}},"6":{"start":{"line":18,"column":2},"end":{"line":21,"column":4}},"7":{"start":{"line":8,"column":13},"end":{"line":8,"column":29}}},"fnMap":{"0":{"name":"(anonymous_7)","decl":{"start":{"line":8,"column":29},"end":{"line":8,"column":null}},"loc":{"start":{"line":10,"column":29},"end":{"line":22,"column":2}}},"1":{"name":"(anonymous_8)","decl":{"start":{"line":10,"column":29},"end":{"line":10,"column":null}},"loc":{"start":{"line":10,"column":29},"end":{"line":22,"column":1}}}},"branchMap":{"0":{"loc":{"start":{"line":12,"column":4},"end":{"line":14,"column":10}},"type":"cond-expr","locations":[{"start":{"line":13,"column":8},"end":{"line":13,"column":62}},{"start":{"line":14,"column":8},"end":{"line":14,"column":10}}]}},"s":{"0":1,"1":1,"2":1,"3":6,"4":6,"5":6,"6":6,"7":1},"f":{"0":6,"1":6},"b":{"0":[4,2]}}
,"/Users/sean_percevault/Documents/code/invenco/src/modules/classes/index.ts": {"path":"/Users/sean_percevault/Documents/code/invenco/src/modules/classes/index.ts","statementMap":{"0":{"start":{"line":1,"column":0},"end":{"line":1,"column":9}},"1":{"start":{"line":1,"column":9},"end":{"line":1,"column":46}}},"fnMap":{"0":{"name":"(anonymous_0)","decl":{"start":{"line":1,"column":9},"end":{"line":1,"column":15}},"loc":{"start":{"line":1,"column":9},"end":{"line":1,"column":46}}}},"branchMap":{},"s":{"0":0,"1":0},"f":{"0":0},"b":{}}
,"/Users/sean_percevault/Documents/code/invenco/src/utils/validation.ts": {"path":"/Users/sean_percevault/Documents/code/invenco/src/utils/validation.ts","statementMap":{"0":{"start":{"line":3,"column":0},"end":{"line":3,"column":16}},"1":{"start":{"line":4,"column":2},"end":{"line":6,"column":16}},"2":{"start":{"line":5,"column":18},"end":{"line":5,"column":57}}},"fnMap":{"0":{"name":"formatValidationErrors","decl":{"start":{"line":3,"column":16},"end":{"line":3,"column":38}},"loc":{"start":{"line":3,"column":54},"end":{"line":7,"column":1}}},"1":{"name":"(anonymous_1)","decl":{"start":{"line":5,"column":9},"end":{"line":5,"column":10}},"loc":{"start":{"line":5,"column":18},"end":{"line":5,"column":57}}}},"branchMap":{},"s":{"0":1,"1":4,"2":6},"f":{"0":4,"1":6},"b":{}}
}
