TN:
SF:src/client.ts
FN:7,(anonymous_0)
FNF:1
FNH:0
FNDA:0,(anonymous_0)
DA:1,0
DA:2,0
DA:3,0
DA:5,0
DA:7,0
DA:8,0
DA:10,0
DA:11,0
DA:14,0
DA:18,0
DA:21,0
DA:23,0
DA:29,0
DA:31,0
LF:14
LH:0
BRDA:8,0,0,0
BRDA:8,0,1,0
BRDA:10,1,0,0
BRDA:25,2,0,0
BRDA:25,2,1,0
BRDA:29,3,0,0
BRDA:29,3,1,0
BRDA:31,4,0,0
BRF:8
BRH:0
end_of_record
TN:
SF:src/modules/classes/classes.dao.ts
FN:8,(anonymous_7)
FN:10,(anonymous_8)
FNF:2
FNH:2
FNDA:6,(anonymous_7)
FNDA:6,(anonymous_8)
DA:2,1
DA:3,1
DA:8,1
DA:10,6
DA:11,6
DA:19,6
LF:6
LH:6
BRF:0
BRH:0
end_of_record
TN:
SF:src/modules/classes/classes.dto.ts
FN:5,(anonymous_0)
FNF:1
FNH:1
FNDA:9,(anonymous_0)
DA:1,3
DA:3,3
DA:5,3
DA:6,9
DA:9,3
DA:16,3
DA:28,3
DA:34,3
DA:35,3
DA:37,3
DA:55,3
DA:69,3
DA:80,3
DA:87,3
DA:96,3
LF:15
LH:15
BRF:0
BRH:0
end_of_record
TN:
SF:src/modules/classes/classes.service.ts
FN:8,(anonymous_7)
FN:10,(anonymous_8)
FNF:2
FNH:2
FNDA:6,(anonymous_7)
FNDA:6,(anonymous_8)
DA:1,1
DA:2,1
DA:8,1
DA:10,6
DA:12,6
DA:16,6
DA:18,6
LF:7
LH:7
BRDA:12,0,0,4
BRDA:12,0,1,2
BRF:2
BRH:2
end_of_record
TN:
SF:src/modules/classes/index.ts
FN:1,(anonymous_0)
FNF:1
FNH:0
FNDA:0,(anonymous_0)
DA:1,0
LF:1
LH:0
BRF:0
BRH:0
end_of_record
TN:
SF:src/utils/validation.ts
FN:3,formatValidationErrors
FN:5,(anonymous_1)
FNF:2
FNH:2
FNDA:4,formatValidationErrors
FNDA:6,(anonymous_1)
DA:3,1
DA:4,4
DA:5,6
LF:3
LH:3
BRF:0
BRH:0
end_of_record
